This is pdfTeX, Version 3.141592653-2.6-1.40.25 (TeX Live 2023) (preloaded format=pdflatex 2024.1.8)  21 MAR 2025 22:11
entering extended mode
 restricted \write18 enabled.
 file:line:error style messages enabled.
 %&-line parsing enabled.
**"/Users/yashpatolia/Documents/GitHub/3A04 D3/SE3A04_D3_Template.tex"
(/Users/yashpatolia/Documents/GitHub/3A04 D3/SE3A04_D3_Template.tex
LaTeX2e <2022-11-01> patch level 1
L3 programming layer <2023-02-22> (/usr/local/texlive/2023/texmf-dist/tex/latex/base/article.cls
Document Class: article 2022/07/02 v1.4n Standard LaTeX document class
(/usr/local/texlive/2023/texmf-dist/tex/latex/base/size10.clo
File: size10.clo 2022/07/02 v1.4n Standard LaTeX file (size option)
)
\c@part=\count185
\c@section=\count186
\c@subsection=\count187
\c@subsubsection=\count188
\c@paragraph=\count189
\c@subparagraph=\count190
\c@figure=\count191
\c@table=\count192
\abovecaptionskip=\skip48
\belowcaptionskip=\skip49
\bibindent=\dimen140
) (/usr/local/texlive/2023/texmf-dist/tex/latex/amsfonts/amssymb.sty
Package: amssymb 2013/01/14 v3.01 AMS font symbols
 (/usr/local/texlive/2023/texmf-dist/tex/latex/amsfonts/amsfonts.sty
Package: amsfonts 2013/01/14 v3.01 Basic AMSFonts support
\@emptytoks=\toks16
\symAMSa=\mathgroup4
\symAMSb=\mathgroup5
LaTeX Font Info:    Redeclaring math symbol \hbar on input line 98.
LaTeX Font Info:    Overwriting math alphabet `\mathfrak' in version `bold'
(Font)                  U/euf/m/n --> U/euf/b/n on input line 106.
)) (/usr/local/texlive/2023/texmf-dist/tex/latex/amsmath/amstext.sty
Package: amstext 2021/08/26 v2.01 AMS text
 (/usr/local/texlive/2023/texmf-dist/tex/latex/amsmath/amsgen.sty
File: amsgen.sty 1999/11/30 v2.0 generic functions
\@emptytoks=\toks17
\ex@=\dimen141
)) (/usr/local/texlive/2023/texmf-dist/tex/latex/amscls/amsthm.sty
Package: amsthm 2020/05/29 v2.20.6
\thm@style=\toks18
\thm@bodyfont=\toks19
\thm@headfont=\toks20
\thm@notefont=\toks21
\thm@headpunct=\toks22
\thm@preskip=\skip50
\thm@postskip=\skip51
\thm@headsep=\skip52
\dth@everypar=\toks23
) (/usr/local/texlive/2023/texmf-dist/tex/latex/amsmath/amsmath.sty
Package: amsmath 2022/04/08 v2.17n AMS math features
\@mathmargin=\skip53

For additional information on amsmath, use the `?' option.
(/usr/local/texlive/2023/texmf-dist/tex/latex/amsmath/amsbsy.sty
Package: amsbsy 1999/11/29 v1.2d Bold Symbols
\pmbraise@=\dimen142
) (/usr/local/texlive/2023/texmf-dist/tex/latex/amsmath/amsopn.sty
Package: amsopn 2022/04/08 v2.04 operator names
)
\inf@bad=\count193
LaTeX Info: Redefining \frac on input line 234.
\uproot@=\count194
\leftroot@=\count195
LaTeX Info: Redefining \overline on input line 399.
LaTeX Info: Redefining \colon on input line 410.
\classnum@=\count196
\DOTSCASE@=\count197
LaTeX Info: Redefining \ldots on input line 496.
LaTeX Info: Redefining \dots on input line 499.
LaTeX Info: Redefining \cdots on input line 620.
\Mathstrutbox@=\box51
\strutbox@=\box52
LaTeX Info: Redefining \big on input line 722.
LaTeX Info: Redefining \Big on input line 723.
LaTeX Info: Redefining \bigg on input line 724.
LaTeX Info: Redefining \Bigg on input line 725.
\big@size=\dimen143
LaTeX Font Info:    Redeclaring font encoding OML on input line 743.
LaTeX Font Info:    Redeclaring font encoding OMS on input line 744.
\macc@depth=\count198
LaTeX Info: Redefining \bmod on input line 905.
LaTeX Info: Redefining \pmod on input line 910.
LaTeX Info: Redefining \smash on input line 940.
LaTeX Info: Redefining \relbar on input line 970.
LaTeX Info: Redefining \Relbar on input line 971.
\c@MaxMatrixCols=\count199
\dotsspace@=\muskip16
\c@parentequation=\count266
\dspbrk@lvl=\count267
\tag@help=\toks24
\row@=\count268
\column@=\count269
\maxfields@=\count270
\andhelp@=\toks25
\eqnshift@=\dimen144
\alignsep@=\dimen145
\tagshift@=\dimen146
\tagwidth@=\dimen147
\totwidth@=\dimen148
\lineht@=\dimen149
\@envbody=\toks26
\multlinegap=\skip54
\multlinetaggap=\skip55
\mathdisplay@stack=\toks27
LaTeX Info: Redefining \[ on input line 2953.
LaTeX Info: Redefining \] on input line 2954.
) (/usr/local/texlive/2023/texmf-dist/tex/latex/tools/enumerate.sty
Package: enumerate 2015/07/23 v3.00 enumerate extensions (DPC)
\@enLab=\toks28
) (/usr/local/texlive/2023/texmf-dist/tex/latex/fancyhdr/fancyhdr.sty
Package: fancyhdr 2022/11/09 v4.1 Extensive control of page headers and footers
\f@nch@headwidth=\skip56
\f@nch@O@elh=\skip57
\f@nch@O@erh=\skip58
\f@nch@O@olh=\skip59
\f@nch@O@orh=\skip60
\f@nch@O@elf=\skip61
\f@nch@O@erf=\skip62
\f@nch@O@olf=\skip63
\f@nch@O@orf=\skip64
) (/usr/local/texlive/2023/texmf-dist/tex/latex/geometry/geometry.sty
Package: geometry 2020/01/02 v5.9 Page Geometry
 (/usr/local/texlive/2023/texmf-dist/tex/latex/graphics/keyval.sty
Package: keyval 2022/05/29 v1.15 key=value parser (DPC)
\KV@toks@=\toks29
) (/usr/local/texlive/2023/texmf-dist/tex/generic/iftex/ifvtex.sty
Package: ifvtex 2019/10/25 v1.7 ifvtex legacy package. Use iftex instead.
 (/usr/local/texlive/2023/texmf-dist/tex/generic/iftex/iftex.sty
Package: iftex 2022/02/03 v1.0f TeX engine tests
))
\Gm@cnth=\count271
\Gm@cntv=\count272
\c@Gm@tempcnt=\count273
\Gm@bindingoffset=\dimen150
\Gm@wd@mp=\dimen151
\Gm@odd@mp=\dimen152
\Gm@even@mp=\dimen153
\Gm@layoutwidth=\dimen154
\Gm@layoutheight=\dimen155
\Gm@layouthoffset=\dimen156
\Gm@layoutvoffset=\dimen157
\Gm@dimlist=\toks30
) (/usr/local/texlive/2023/texmf-dist/tex/latex/graphics/graphicx.sty
Package: graphicx 2021/09/16 v1.2d Enhanced LaTeX Graphics (DPC,SPQR)
 (/usr/local/texlive/2023/texmf-dist/tex/latex/graphics/graphics.sty
Package: graphics 2022/03/10 v1.4e Standard LaTeX Graphics (DPC,SPQR)
 (/usr/local/texlive/2023/texmf-dist/tex/latex/graphics/trig.sty
Package: trig 2021/08/11 v1.11 sin cos tan (DPC)
) (/usr/local/texlive/2023/texmf-dist/tex/latex/graphics-cfg/graphics.cfg
File: graphics.cfg 2016/06/04 v1.11 sample graphics configuration
)
Package graphics Info: Driver file: pdftex.def on input line 107.
 (/usr/local/texlive/2023/texmf-dist/tex/latex/graphics-def/pdftex.def
File: pdftex.def 2022/09/22 v1.2b Graphics/color driver for pdftex
))
\Gin@req@height=\dimen158
\Gin@req@width=\dimen159
) (/usr/local/texlive/2023/texmf-dist/tex/latex/extarrows/extarrows.sty
Package: extarrows 2020/03/12 v1.2.0 Some extensible arrows
) (/usr/local/texlive/2023/texmf-dist/tex/latex/setspace/setspace.sty
Package: setspace 2022/12/04 v6.7b set line spacing
) (/usr/local/texlive/2023/texmf-dist/tex/latex/l3backend/l3backend-pdftex.def
File: l3backend-pdftex.def 2023-01-16 L3 backend support: PDF output (pdfTeX)
\l__color_backend_stack_int=\count274
\l__pdf_internal_box=\box53
) (./SE3A04_D3_Template.aux)
\openout1 = `SE3A04_D3_Template.aux'.

LaTeX Font Info:    Checking defaults for OML/cmm/m/it on input line 34.
LaTeX Font Info:    ... okay on input line 34.
LaTeX Font Info:    Checking defaults for OMS/cmsy/m/n on input line 34.
LaTeX Font Info:    ... okay on input line 34.
LaTeX Font Info:    Checking defaults for OT1/cmr/m/n on input line 34.
LaTeX Font Info:    ... okay on input line 34.
LaTeX Font Info:    Checking defaults for T1/cmr/m/n on input line 34.
LaTeX Font Info:    ... okay on input line 34.
LaTeX Font Info:    Checking defaults for TS1/cmr/m/n on input line 34.
LaTeX Font Info:    ... okay on input line 34.
LaTeX Font Info:    Checking defaults for OMX/cmex/m/n on input line 34.
LaTeX Font Info:    ... okay on input line 34.
LaTeX Font Info:    Checking defaults for U/cmr/m/n on input line 34.
LaTeX Font Info:    ... okay on input line 34.

*geometry* driver: auto-detecting
*geometry* detected driver: pdftex
*geometry* verbose mode - [ preamble ] result:
* driver: pdftex
* paper: <default>
* layout: <same size as paper>
* layoutoffset:(h,v)=(0.0pt,0.0pt)
* modes: 
* h-part:(L,W,R)=(72.26999pt, 469.75502pt, 72.26999pt)
* v-part:(T,H,B)=(72.26999pt, 650.43001pt, 72.26999pt)
* \paperwidth=614.295pt
* \paperheight=794.96999pt
* \textwidth=469.75502pt
* \textheight=650.43001pt
* \oddsidemargin=0.0pt
* \evensidemargin=0.0pt
* \topmargin=-37.0pt
* \headheight=12.0pt
* \headsep=25.0pt
* \topskip=10.0pt
* \footskip=30.0pt
* \marginparwidth=65.0pt
* \marginparsep=11.0pt
* \columnsep=10.0pt
* \skip\footins=9.0pt plus 4.0pt minus 2.0pt
* \hoffset=0.0pt
* \voffset=0.0pt
* \mag=1000
* \@twocolumnfalse
* \@twosidefalse
* \@mparswitchfalse
* \@reversemarginfalse
* (1in=72.27pt=25.4mm, 1cm=28.453pt)

(/usr/local/texlive/2023/texmf-dist/tex/context/base/mkii/supp-pdf.mkii
[Loading MPS to PDF converter (version 2006.09.02).]
\scratchcounter=\count275
\scratchdimen=\dimen160
\scratchbox=\box54
\nofMPsegments=\count276
\nofMParguments=\count277
\everyMPshowfont=\toks31
\MPscratchCnt=\count278
\MPscratchDim=\dimen161
\MPnumerator=\count279
\makeMPintoPDFobject=\count280
\everyMPtoPDFconversion=\toks32
) (/usr/local/texlive/2023/texmf-dist/tex/latex/epstopdf-pkg/epstopdf-base.sty
Package: epstopdf-base 2020-01-24 v2.11 Base part for package epstopdf
Package epstopdf-base Info: Redefining graphics rule for `.eps' on input line 485.
 (/usr/local/texlive/2023/texmf-dist/tex/latex/latexconfig/epstopdf-sys.cfg
File: epstopdf-sys.cfg 2010/07/13 v1.3 Configuration of (r)epstopdf for TeX Live
))
LaTeX Font Info:    Trying to load font information for U+msa on input line 36.
 (/usr/local/texlive/2023/texmf-dist/tex/latex/amsfonts/umsa.fd
File: umsa.fd 2013/01/14 v3.01 AMS symbols A
)
LaTeX Font Info:    Trying to load font information for U+msb on input line 36.
 (/usr/local/texlive/2023/texmf-dist/tex/latex/amsfonts/umsb.fd
File: umsb.fd 2013/01/14 v3.01 AMS symbols B
) [1

{/usr/local/texlive/2023/texmf-var/fonts/map/pdftex/updmap/pdftex.map}{/usr/local/texlive/2023/texmf-dist/fonts/enc/dvips/cm-super/cm-super-ts1.enc}] [2

]
<diagrams/state/accountstate.png, id=15, 1064.97874pt x 919.435pt>
File: diagrams/state/accountstate.png Graphic file (type png)
<use diagrams/state/accountstate.png>
Package pdftex.def Info: diagrams/state/accountstate.png  used on input line 83.
(pdftex.def)             Requested size: 469.75502pt x 405.54874pt.
<diagrams/state/AnswerStateDiagram.jpeg, id=16, 650.43pt x 916.8654pt>
File: diagrams/state/AnswerStateDiagram.jpeg Graphic file (type jpg)
<use diagrams/state/AnswerStateDiagram.jpeg>
Package pdftex.def Info: diagrams/state/AnswerStateDiagram.jpeg  used on input line 89.
(pdftex.def)             Requested size: 375.80544pt x 529.75372pt.


LaTeX Warning: `h' float specifier changed to `ht'.

<diagrams/state/QuestionStateDiagram.jpeg, id=17, 1040.688pt x 892.7754pt>
File: diagrams/state/QuestionStateDiagram.jpeg Graphic file (type jpg)
<use diagrams/state/QuestionStateDiagram.jpeg>
Package pdftex.def Info: diagrams/state/QuestionStateDiagram.jpeg  used on input line 95.
(pdftex.def)             Requested size: 469.75502pt x 402.9985pt.

LaTeX Warning: `h' float specifier changed to `ht'.

<diagrams/state/UserSuccessState.png, id=18, 1124.2pt x 1465.475pt>
File: diagrams/state/UserSuccessState.png Graphic file (type png)
<use diagrams/state/UserSuccessState.png>
Package pdftex.def Info: diagrams/state/UserSuccessState.png  used on input line 101.
(pdftex.def)             Requested size: 375.80544pt x 489.89178pt.

LaTeX Warning: `h' float specifier changed to `ht'.

[3

 <./diagrams/state/accountstate.png (PNG copy)>] [4 <./diagrams/state/AnswerStateDiagram.jpeg>] [5 <./diagrams/state/QuestionStateDiagram.jpeg>] [6 <./diagrams/state/UserSuccessState.png>]
<diagrams/sequence/AskQuestionSequence.png, id=33, 720.6925pt x 334.24875pt>
File: diagrams/sequence/AskQuestionSequence.png Graphic file (type png)
<use diagrams/sequence/AskQuestionSequence.png>
Package pdftex.def Info: diagrams/sequence/AskQuestionSequence.png  used on input line 112.
(pdftex.def)             Requested size: 328.82707pt x 152.50673pt.
<diagrams/sequence/create_account.png, id=34, 652.4375pt x 444.66125pt>
File: diagrams/sequence/create_account.png Graphic file (type png)
<use diagrams/sequence/create_account.png>
Package pdftex.def Info: diagrams/sequence/create_account.png  used on input line 118.
(pdftex.def)             Requested size: 328.82707pt x 224.11452pt.
<diagrams/sequence/deleteqsequence.png, id=35, 672.5125pt x 298.11375pt>
File: diagrams/sequence/deleteqsequence.png Graphic file (type png)
<use diagrams/sequence/deleteqsequence.png>
Package pdftex.def Info: diagrams/sequence/deleteqsequence.png  used on input line 124.
(pdftex.def)             Requested size: 328.82707pt x 145.76314pt.
<diagrams/sequence/edit_account.png, id=36, 636.3775pt x 444.66125pt>
File: diagrams/sequence/edit_account.png Graphic file (type png)
<use diagrams/sequence/edit_account.png>
Package pdftex.def Info: diagrams/sequence/edit_account.png  used on input line 130.
(pdftex.def)             Requested size: 328.82707pt x 229.75961pt.
 [7

 <./diagrams/sequence/AskQuestionSequence.png> <./diagrams/sequence/create_account.png (PNG copy)>] [8 <./diagrams/sequence/deleteqsequence.png (PNG copy)> <./diagrams/sequence/edit_account.png (PNG copy)>]
<diagrams/Class_Diagram.png, id=45, 4111.36pt x 1222.5675pt>
File: diagrams/Class_Diagram.png Graphic file (type png)
<use diagrams/Class_Diagram.png>
Package pdftex.def Info: diagrams/Class_Diagram.png  used on input line 141.
(pdftex.def)             Requested size: 469.75502pt x 139.68755pt.
 [9

 <./diagrams/Class_Diagram.png (PNG copy)>]
Underfull \hbox (badness 10000) in paragraph at lines 151--152

 []

<signatures/yash.png, id=49, 505.89pt x 292.09125pt>
File: signatures/yash.png Graphic file (type png)
<use signatures/yash.png>
Package pdftex.def Info: signatures/yash.png  used on input line 162.
(pdftex.def)             Requested size: 93.94957pt x 54.24104pt.
<signatures/Jasmine_signature.jpg, id=50, 1295.84125pt x 928.46875pt>
File: signatures/Jasmine_signature.jpg Graphic file (type jpg)
<use signatures/Jasmine_signature.jpg>
Package pdftex.def Info: signatures/Jasmine_signature.jpg  used on input line 170.
(pdftex.def)             Requested size: 93.94957pt x 67.30872pt.
<signatures/Justin.png, id=51, 281.05pt x 117.43875pt>
File: signatures/Justin.png Graphic file (type png)
<use signatures/Justin.png>
Package pdftex.def Info: signatures/Justin.png  used on input line 179.
(pdftex.def)             Requested size: 140.92793pt x 58.88766pt.
<signatures/ChristinaSignature.png, id=52, 284.86424pt x 125.268pt>
File: signatures/ChristinaSignature.png Graphic file (type png)
<use signatures/ChristinaSignature.png>
Package pdftex.def Info: signatures/ChristinaSignature.png  used on input line 188.
(pdftex.def)             Requested size: 93.94957pt x 41.3137pt.
[10

 <./signatures/yash.png> <./signatures/Jasmine_signature.jpg> <./signatures/Justin.png> <./signatures/ChristinaSignature.png>]
<signatures/Muhammad_Signature.png, id=58, 376.40625pt x 376.40625pt>
File: signatures/Muhammad_Signature.png Graphic file (type png)
<use signatures/Muhammad_Signature.png>
Package pdftex.def Info: signatures/Muhammad_Signature.png  used on input line 198.
(pdftex.def)             Requested size: 93.94957pt x 93.94624pt.
<signatures/NathanHumSignature.png, id=59, 258.9675pt x 119.69719pt>
File: signatures/NathanHumSignature.png Graphic file (type png)
<use signatures/NathanHumSignature.png>
Package pdftex.def Info: signatures/NathanHumSignature.png  used on input line 206.
(pdftex.def)             Requested size: 93.94957pt x 43.42519pt.
 [11 <./signatures/Muhammad_Signature.png> <./signatures/NathanHumSignature.png>] [12

] (./SE3A04_D3_Template.aux) ) 
Here is how much of TeX's memory you used:
 3653 strings out of 476025
 57723 string characters out of 5790018
 1854388 words of memory out of 5000000
 24050 multiletter control sequences out of 15000+600000
 520831 words of font info for 65 fonts, out of 8000000 for 9000
 1141 hyphenation exceptions out of 8191
 57i,6n,62p,523b,235s stack positions out of 10000i,1000n,20000p,200000b,200000s
</usr/local/texlive/2023/texmf-dist/fonts/type1/public/amsfonts/cm/cmbx10.pfb></usr/local/texlive/2023/texmf-dist/fonts/type1/public/amsfonts/cm/cmbx12.pfb></usr/local/texlive/2023/texmf-dist/fonts/type1/public/amsfonts/cm/cmr10.pfb></usr/local/texlive/2023/texmf-dist/fonts/type1/public/amsfonts/cm/cmr12.pfb></usr/local/texlive/2023/texmf-dist/fonts/type1/public/amsfonts/cm/cmr17.pfb></usr/local/texlive/2023/texmf-dist/fonts/type1/public/amsfonts/cm/cmti10.pfb></usr/local/texlive/2023/texmf-dist/fonts/type1/public/cm-super/sfrm1000.pfb>
Output written on SE3A04_D3_Template.pdf (12 pages, 1642086 bytes).
PDF statistics:
 101 PDF objects out of 1000 (max. 8388607)
 51 compressed objects within 1 object stream
 0 named destinations out of 1000 (max. 500000)
 76 words of extra memory for PDF output out of 10000 (max. 10000000)

